This is pdfTeX, Version 3.14159265-2.6-1.40.21 (MiKTeX 20.7) (preloaded format=pdflatex 2020.9.18)  18 SEP 2020 18:59
entering extended mode
**./main.tex
(main.tex
LaTeX2e <2020-02-02> patch level 5
L3 programming layer <2020-09-03>
("D:\Program Files\MiKTeX\tex/latex/base\article.cls"
Document Class: article 2019/12/20 v1.4l Standard LaTeX document class
("D:\Program Files\MiKTeX\tex/latex/base\size10.clo"
File: size10.clo 2019/12/20 v1.4l Standard LaTeX file (size option)
)
\c@part=\count168
\c@section=\count169
\c@subsection=\count170
\c@subsubsection=\count171
\c@paragraph=\count172
\c@subparagraph=\count173
\c@figure=\count174
\c@table=\count175
\abovecaptionskip=\skip47
\belowcaptionskip=\skip48
\bibindent=\dimen134
)
("D:\Program Files\MiKTeX\tex/latex/base\fontenc.sty"
Package: fontenc 2020/02/11 v2.0o Standard LaTeX package
)
("D:\Program Files\MiKTeX\tex/latex/lm\lmodern.sty"
Package: lmodern 2009/10/30 v1.6 Latin Modern Fonts
LaTeX Font Info:    Overwriting symbol font `operators' in version `normal'
(Font)                  OT1/cmr/m/n --> OT1/lmr/m/n on input line 22.
LaTeX Font Info:    Overwriting symbol font `letters' in version `normal'
(Font)                  OML/cmm/m/it --> OML/lmm/m/it on input line 23.
LaTeX Font Info:    Overwriting symbol font `symbols' in version `normal'
(Font)                  OMS/cmsy/m/n --> OMS/lmsy/m/n on input line 24.
LaTeX Font Info:    Overwriting symbol font `largesymbols' in version `normal'
(Font)                  OMX/cmex/m/n --> OMX/lmex/m/n on input line 25.
LaTeX Font Info:    Overwriting symbol font `operators' in version `bold'
(Font)                  OT1/cmr/bx/n --> OT1/lmr/bx/n on input line 26.
LaTeX Font Info:    Overwriting symbol font `letters' in version `bold'
(Font)                  OML/cmm/b/it --> OML/lmm/b/it on input line 27.
LaTeX Font Info:    Overwriting symbol font `symbols' in version `bold'
(Font)                  OMS/cmsy/b/n --> OMS/lmsy/b/n on input line 28.
LaTeX Font Info:    Overwriting symbol font `largesymbols' in version `bold'
(Font)                  OMX/cmex/m/n --> OMX/lmex/m/n on input line 29.
LaTeX Font Info:    Overwriting math alphabet `\mathbf' in version `normal'
(Font)                  OT1/cmr/bx/n --> OT1/lmr/bx/n on input line 31.
LaTeX Font Info:    Overwriting math alphabet `\mathsf' in version `normal'
(Font)                  OT1/cmss/m/n --> OT1/lmss/m/n on input line 32.
LaTeX Font Info:    Overwriting math alphabet `\mathit' in version `normal'
(Font)                  OT1/cmr/m/it --> OT1/lmr/m/it on input line 33.
LaTeX Font Info:    Overwriting math alphabet `\mathtt' in version `normal'
(Font)                  OT1/cmtt/m/n --> OT1/lmtt/m/n on input line 34.
LaTeX Font Info:    Overwriting math alphabet `\mathbf' in version `bold'
(Font)                  OT1/cmr/bx/n --> OT1/lmr/bx/n on input line 35.
LaTeX Font Info:    Overwriting math alphabet `\mathsf' in version `bold'
(Font)                  OT1/cmss/bx/n --> OT1/lmss/bx/n on input line 36.
LaTeX Font Info:    Overwriting math alphabet `\mathit' in version `bold'
(Font)                  OT1/cmr/bx/it --> OT1/lmr/bx/it on input line 37.
LaTeX Font Info:    Overwriting math alphabet `\mathtt' in version `bold'
(Font)                  OT1/cmtt/m/n --> OT1/lmtt/m/n on input line 38.
)
(C:\Users\amado\AppData\Roaming\MiKTeX\tex/latex/was\gensymb.sty
Package: gensymb 2003/07/02 v1.0 (WaS)
)
("D:\Program Files\MiKTeX\tex/generic/babel\babel.sty"
Package: babel 2020/09/01 3.48 The Babel package

("D:\Program Files\MiKTeX\tex/generic/babel\babel.def"
File: babel.def 2020/09/01 3.48 Babel common definitions
\babel@savecnt=\count176
\U@D=\dimen135
\l@babelnohyphens=\language79

("D:\Program Files\MiKTeX\tex/generic/babel\txtbabel.def")
\bbl@readstream=\read2
)
\bbl@dirlevel=\count177

*************************************
* Local config file bblopts.cfg used
*
("D:\Program Files\MiKTeX\tex/latex/arabi\bblopts.cfg"
File: bblopts.cfg 2005/09/08 v0.1 add Arabic and Farsi to "declared" options of
 babel
)
("D:\Program Files\MiKTeX\tex/latex/babel-english\english.ldf"
Language: english 2017/06/06 v3.3r English support from the babel system
Package babel Info: \l@canadian = using hyphenrules for english
(babel)             (\language0) on input line 102.
Package babel Info: \l@australian = using hyphenrules for ukenglish
(babel)             (\language73) on input line 105.
Package babel Info: \l@newzealand = using hyphenrules for ukenglish
(babel)             (\language73) on input line 108.
))
(C:\Users\amado\AppData\Roaming\MiKTeX\tex/latex/fancyhdr\fancyhdr.sty
Package: fancyhdr 2019/01/31 v3.10 Extensive control of page headers and footer
s
\f@nch@headwidth=\skip49
\f@nch@O@elh=\skip50
\f@nch@O@erh=\skip51
\f@nch@O@olh=\skip52
\f@nch@O@orh=\skip53
\f@nch@O@elf=\skip54
\f@nch@O@erf=\skip55
\f@nch@O@olf=\skip56
\f@nch@O@orf=\skip57
)
(C:\Users\amado\AppData\Roaming\MiKTeX\tex/latex/enumitem\enumitem.sty
Package: enumitem 2019/06/20 v3.9 Customized lists
\enitkv@toks@=\toks15
\labelindent=\skip58
\enit@outerparindent=\dimen136
\enit@toks=\toks16
\enit@inbox=\box45
\enit@count@id=\count178
\enitdp@description=\count179
)
(C:\Users\amado\AppData\Roaming\MiKTeX\tex/latex/preprint\authblk.sty
Package: authblk 2001/02/27 1.3 (PWD)
\affilsep=\skip59
\@affilsep=\skip60
\c@Maxaffil=\count180
\c@authors=\count181
\c@affil=\count182
)
("D:\Program Files\MiKTeX\tex/latex/base\inputenc.sty"
Package: inputenc 2018/08/11 v1.3c Input encoding file
\inpenc@prehook=\toks17
\inpenc@posthook=\toks18
)
("D:\Program Files\MiKTeX\tex/latex/amsmath\amsmath.sty"
Package: amsmath 2020/01/20 v2.17e AMS math features
\@mathmargin=\skip61

For additional information on amsmath, use the `?' option.
("D:\Program Files\MiKTeX\tex/latex/amsmath\amstext.sty"
Package: amstext 2000/06/29 v2.01 AMS text

("D:\Program Files\MiKTeX\tex/latex/amsmath\amsgen.sty"
File: amsgen.sty 1999/11/30 v2.0 generic functions
\@emptytoks=\toks19
\ex@=\dimen137
))
("D:\Program Files\MiKTeX\tex/latex/amsmath\amsbsy.sty"
Package: amsbsy 1999/11/29 v1.2d Bold Symbols
\pmbraise@=\dimen138
)
("D:\Program Files\MiKTeX\tex/latex/amsmath\amsopn.sty"
Package: amsopn 2016/03/08 v2.02 operator names
)
\inf@bad=\count183
LaTeX Info: Redefining \frac on input line 227.
\uproot@=\count184
\leftroot@=\count185
LaTeX Info: Redefining \overline on input line 389.
\classnum@=\count186
\DOTSCASE@=\count187
LaTeX Info: Redefining \ldots on input line 486.
LaTeX Info: Redefining \dots on input line 489.
LaTeX Info: Redefining \cdots on input line 610.
\Mathstrutbox@=\box46
\strutbox@=\box47
\big@size=\dimen139
LaTeX Font Info:    Redeclaring font encoding OML on input line 733.
LaTeX Font Info:    Redeclaring font encoding OMS on input line 734.
\macc@depth=\count188
\c@MaxMatrixCols=\count189
\dotsspace@=\muskip16
\c@parentequation=\count190
\dspbrk@lvl=\count191
\tag@help=\toks20
\row@=\count192
\column@=\count193
\maxfields@=\count194
\andhelp@=\toks21
\eqnshift@=\dimen140
\alignsep@=\dimen141
\tagshift@=\dimen142
\tagwidth@=\dimen143
\totwidth@=\dimen144
\lineht@=\dimen145
\@envbody=\toks22
\multlinegap=\skip62
\multlinetaggap=\skip63
\mathdisplay@stack=\toks23
LaTeX Info: Redefining \[ on input line 2859.
LaTeX Info: Redefining \] on input line 2860.
)
("D:\Program Files\MiKTeX\tex/latex/amsfonts\amsfonts.sty"
Package: amsfonts 2013/01/14 v3.01 Basic AMSFonts support
\symAMSa=\mathgroup4
\symAMSb=\mathgroup5
LaTeX Font Info:    Redeclaring math symbol \hbar on input line 98.
LaTeX Font Info:    Overwriting math alphabet `\mathfrak' in version `bold'
(Font)                  U/euf/m/n --> U/euf/b/n on input line 106.
)
("D:\Program Files\MiKTeX\tex/latex/amsfonts\amssymb.sty"
Package: amssymb 2013/01/14 v3.01 AMS font symbols
)
(C:\Users\amado\AppData\Roaming\MiKTeX\tex/latex/natbib\natbib.sty
Package: natbib 2010/09/13 8.31b (PWD, AO)
\bibhang=\skip64
\bibsep=\skip65
LaTeX Info: Redefining \cite on input line 694.
\c@NAT@ctr=\count195
)
("D:\Program Files\MiKTeX\tex/latex/graphics\graphicx.sty"
Package: graphicx 2019/11/30 v1.2a Enhanced LaTeX Graphics (DPC,SPQR)

("D:\Program Files\MiKTeX\tex/latex/graphics\keyval.sty"
Package: keyval 2014/10/28 v1.15 key=value parser (DPC)
\KV@toks@=\toks24
)
("D:\Program Files\MiKTeX\tex/latex/graphics\graphics.sty"
Package: graphics 2019/11/30 v1.4a Standard LaTeX Graphics (DPC,SPQR)

("D:\Program Files\MiKTeX\tex/latex/graphics\trig.sty"
Package: trig 2016/01/03 v1.10 sin cos tan (DPC)
)
("D:\Program Files\MiKTeX\tex/latex/graphics-cfg\graphics.cfg"
File: graphics.cfg 2016/06/04 v1.11 sample graphics configuration
)
Package graphics Info: Driver file: pdftex.def on input line 105.

("D:\Program Files\MiKTeX\tex/latex/graphics-def\pdftex.def"
File: pdftex.def 2020/08/26 v1.2 Graphics/color driver for pdftex
))
\Gin@req@height=\dimen146
\Gin@req@width=\dimen147
)
(C:\Users\amado\AppData\Roaming\MiKTeX\tex/latex/mathtools\mathtools.sty
Package: mathtools 2020/03/24 v1.24 mathematical typesetting tools

("D:\Program Files\MiKTeX\tex/latex/tools\calc.sty"
Package: calc 2017/05/25 v4.3 Infix arithmetic (KKT,FJ)
\calc@Acount=\count196
\calc@Bcount=\count197
\calc@Adimen=\dimen148
\calc@Bdimen=\dimen149
\calc@Askip=\skip66
\calc@Bskip=\skip67
LaTeX Info: Redefining \setlength on input line 80.
LaTeX Info: Redefining \addtolength on input line 81.
\calc@Ccount=\count198
\calc@Cskip=\skip68
)
(C:\Users\amado\AppData\Roaming\MiKTeX\tex/latex/mathtools\mhsetup.sty
Package: mhsetup 2017/03/31 v1.3 programming setup (MH)
)
LaTeX Info: Thecontrolsequence`\('isalreadyrobust on input line 130.
LaTeX Info: Thecontrolsequence`\)'isalreadyrobust on input line 130.
LaTeX Info: Thecontrolsequence`\['isalreadyrobust on input line 130.
LaTeX Info: Thecontrolsequence`\]'isalreadyrobust on input line 130.
\g_MT_multlinerow_int=\count199
\l_MT_multwidth_dim=\dimen150
\origjot=\skip69
\l_MT_shortvdotswithinadjustabove_dim=\dimen151
\l_MT_shortvdotswithinadjustbelow_dim=\dimen152
\l_MT_above_intertext_sep=\dimen153
\l_MT_below_intertext_sep=\dimen154
\l_MT_above_shortintertext_sep=\dimen155
\l_MT_below_shortintertext_sep=\dimen156
\xmathstrut@box=\box48
\xmathstrut@dim=\dimen157
)
(C:\Users\amado\AppData\Roaming\MiKTeX\tex/latex/lipsum\lipsum.sty
("D:\Program Files\MiKTeX\tex/latex/l3kernel\expl3.sty"
Package: expl3 2020-09-03 L3 programming layer (loader) 

("D:\Program Files\MiKTeX\tex/latex/l3backend\l3backend-pdftex.def"
File: l3backend-pdftex.def 2020-09-01 L3 backend support: PDF output (pdfTeX)
\l__kernel_color_stack_int=\count266
\l__pdf_internal_box=\box49
))
("D:\Program Files\MiKTeX\tex/latex/l3packages/xparse\xparse.sty"
Package: xparse 2020-05-15 L3 Experimental document command parser

("D:\Program Files\MiKTeX\tex/latex/l3packages/xparse\xparse-generic.tex"
\l__xparse_current_arg_int=\count267
\g__xparse_grabber_int=\count268
\l__xparse_m_args_int=\count269
\l__xparse_v_nesting_int=\count270
))
Package: lipsum 2019/01/02 v2.2 150 paragraphs of Lorem Ipsum dummy text

(C:\Users\amado\AppData\Roaming\MiKTeX\tex/latex/lipsum\lipsum.ltd.tex
File: lipsum.ltd.tex 2019/01/02 v2.2 The Lorem ipsum dummy text
))
("D:\Program Files\MiKTeX\tex/latex/hyperref\hyperref.sty"
Package: hyperref 2020-05-15 v7.00e Hypertext links for LaTeX

(C:\Users\amado\AppData\Roaming\MiKTeX\tex/generic/ltxcmds\ltxcmds.sty
Package: ltxcmds 2019/12/15 v1.24 LaTeX kernel commands for general use (HO)
)
("D:\Program Files\MiKTeX\tex/generic/iftex\iftex.sty"
Package: iftex 2020/03/06 v1.0d TeX engine tests
)
("D:\Program Files\MiKTeX\tex/generic/pdftexcmds\pdftexcmds.sty"
Package: pdftexcmds 2020-06-27 v0.33 Utility functions of pdfTeX for LuaTeX (HO
)

(C:\Users\amado\AppData\Roaming\MiKTeX\tex/generic/infwarerr\infwarerr.sty
Package: infwarerr 2019/12/03 v1.5 Providing info/warning/error messages (HO)
)
Package pdftexcmds Info: \pdf@primitive is available.
Package pdftexcmds Info: \pdf@ifprimitive is available.
Package pdftexcmds Info: \pdfdraftmode found.
)
(C:\Users\amado\AppData\Roaming\MiKTeX\tex/generic/kvsetkeys\kvsetkeys.sty
Package: kvsetkeys 2019/12/15 v1.18 Key value parser (HO)
)
(C:\Users\amado\AppData\Roaming\MiKTeX\tex/generic/kvdefinekeys\kvdefinekeys.st
y
Package: kvdefinekeys 2019-12-19 v1.6 Define keys (HO)
) (C:\Users\amado\AppData\Roaming\MiKTeX\tex/generic/pdfescape\pdfescape.sty
Package: pdfescape 2019/12/09 v1.15 Implements pdfTeX's escape features (HO)
)
(C:\Users\amado\AppData\Roaming\MiKTeX\tex/latex/hycolor\hycolor.sty
Package: hycolor 2020-01-27 v1.10 Color options for hyperref/bookmark (HO)
)
(C:\Users\amado\AppData\Roaming\MiKTeX\tex/latex/letltxmacro\letltxmacro.sty
Package: letltxmacro 2019/12/03 v1.6 Let assignment for LaTeX macros (HO)
)
(C:\Users\amado\AppData\Roaming\MiKTeX\tex/latex/auxhook\auxhook.sty
Package: auxhook 2019-12-17 v1.6 Hooks for auxiliary files (HO)
)
(C:\Users\amado\AppData\Roaming\MiKTeX\tex/latex/kvoptions\kvoptions.sty
Package: kvoptions 2019/11/29 v3.13 Key value format for package options (HO)
)
\@linkdim=\dimen158
\Hy@linkcounter=\count271
\Hy@pagecounter=\count272

("D:\Program Files\MiKTeX\tex/latex/hyperref\pd1enc.def"
File: pd1enc.def 2020-05-15 v7.00e Hyperref: PDFDocEncoding definition (HO)
Now handling font encoding PD1 ...
... no UTF-8 mapping file for font encoding PD1
)
(C:\Users\amado\AppData\Roaming\MiKTeX\tex/generic/intcalc\intcalc.sty
Package: intcalc 2019/12/15 v1.3 Expandable calculations with integers (HO)
)
(C:\Users\amado\AppData\Roaming\MiKTeX\tex/generic/etexcmds\etexcmds.sty
Package: etexcmds 2019/12/15 v1.7 Avoid name clashes with e-TeX commands (HO)
)
\Hy@SavedSpaceFactor=\count273
Package hyperref Info: Hyper figures OFF on input line 4464.
Package hyperref Info: Link nesting OFF on input line 4469.
Package hyperref Info: Hyper index ON on input line 4472.
Package hyperref Info: Plain pages OFF on input line 4479.
Package hyperref Info: Backreferencing OFF on input line 4484.
Package hyperref Info: Implicit mode ON; LaTeX internals redefined.
Package hyperref Info: Bookmarks ON on input line 4717.
\c@Hy@tempcnt=\count274

("D:\Program Files\MiKTeX\tex/latex/url\url.sty"
\Urlmuskip=\muskip17
Package: url 2013/09/16  ver 3.4  Verb mode for urls, etc.
)
LaTeX Info: Redefining \url on input line 5076.
\XeTeXLinkMargin=\dimen159

(C:\Users\amado\AppData\Roaming\MiKTeX\tex/generic/bitset\bitset.sty
Package: bitset 2019/12/09 v1.3 Handle bit-vector datatype (HO)

(C:\Users\amado\AppData\Roaming\MiKTeX\tex/generic/bigintcalc\bigintcalc.sty
Package: bigintcalc 2019/12/15 v1.5 Expandable calculations on big integers (HO
)
))
\Fld@menulength=\count275
\Field@Width=\dimen160
\Fld@charsize=\dimen161
Package hyperref Info: Hyper figures OFF on input line 6347.
Package hyperref Info: Link nesting OFF on input line 6352.
Package hyperref Info: Hyper index ON on input line 6355.
Package hyperref Info: backreferencing OFF on input line 6362.
Package hyperref Info: Link coloring OFF on input line 6367.
Package hyperref Info: Link coloring with OCG OFF on input line 6372.
Package hyperref Info: PDF/A mode OFF on input line 6377.
LaTeX Info: Redefining \ref on input line 6417.
LaTeX Info: Redefining \pageref on input line 6421.

(C:\Users\amado\AppData\Roaming\MiKTeX\tex/generic/atbegshi\atbegshi.sty
Package: atbegshi 2019/12/05 v1.19 At begin shipout hook (HO)
)
\Hy@abspage=\count276
\c@Item=\count277
\c@Hfootnote=\count278
)
Package hyperref Info: Driver (autodetected): hpdftex.

("D:\Program Files\MiKTeX\tex/latex/hyperref\hpdftex.def"
File: hpdftex.def 2020-05-15 v7.00e Hyperref driver for pdfTeX

(C:\Users\amado\AppData\Roaming\MiKTeX\tex/latex/atveryend\atveryend.sty
Package: atveryend 2019-12-11 v1.11 Hooks at the very end of document (HO)
Package atveryend Info: \enddocument detected (standard20110627).
)
\Fld@listcount=\count279
\c@bookmark@seq@number=\count280

(C:\Users\amado\AppData\Roaming\MiKTeX\tex/latex/rerunfilecheck\rerunfilecheck.
sty
Package: rerunfilecheck 2019/12/05 v1.9 Rerun checks for auxiliary files (HO)

(C:\Users\amado\AppData\Roaming\MiKTeX\tex/generic/uniquecounter\uniquecounter.
sty
Package: uniquecounter 2019/12/15 v1.4 Provide unlimited unique counter (HO)
)
Package uniquecounter Info: New unique counter `rerunfilecheck' on input line 2
86.
)
\Hy@SectionHShift=\skip70
)
Package hyperref Info: Option `colorlinks' set `true' on input line 36.
 ("D:\Program Files\MiKTeX\tex/latex/tools\indentfirst.sty"
Package: indentfirst 1995/11/23 v1.03 Indent first paragraph (DPC)
)
(C:\Users\amado\AppData\Roaming\MiKTeX\tex/latex/geometry\geometry.sty
Package: geometry 2020/01/02 v5.9 Page Geometry

("D:\Program Files\MiKTeX\tex/generic/iftex\ifvtex.sty"
Package: ifvtex 2019/10/25 v1.7 ifvtex legacy package. Use iftex instead.
)
\Gm@cnth=\count281
\Gm@cntv=\count282
\c@Gm@tempcnt=\count283
\Gm@bindingoffset=\dimen162
\Gm@wd@mp=\dimen163
\Gm@odd@mp=\dimen164
\Gm@even@mp=\dimen165
\Gm@layoutwidth=\dimen166
\Gm@layoutheight=\dimen167
\Gm@layouthoffset=\dimen168
\Gm@layoutvoffset=\dimen169
\Gm@dimlist=\toks25

(C:\Users\amado\AppData\Roaming\MiKTeX\tex/latex/geometry\geometry.cfg))
("D:\Program Files\MiKTeX\tex/latex/tools\tabularx.sty"
Package: tabularx 2020/01/15 v2.11c `tabularx' package (DPC)

("D:\Program Files\MiKTeX\tex/latex/tools\array.sty"
Package: array 2019/08/31 v2.4l Tabular extension package (FMi)
\col@sep=\dimen170
\ar@mcellbox=\box50
\extrarowheight=\dimen171
\NC@list=\toks26
\extratabsurround=\skip71
\backup@length=\skip72
\ar@cellbox=\box51
)
\TX@col@width=\dimen172
\TX@old@table=\dimen173
\TX@old@col=\dimen174
\TX@target=\dimen175
\TX@delta=\dimen176
\TX@cols=\count284
\TX@ftn=\toks27
)
("D:\Program Files\MiKTeX\tex/latex/tools\multicol.sty"
Package: multicol 2019/12/09 v1.8y multicolumn formatting (FMi)
\c@tracingmulticols=\count285
\mult@box=\box52
\multicol@leftmargin=\dimen177
\c@unbalance=\count286
\c@collectmore=\count287
\doublecol@number=\count288
\multicoltolerance=\count289
\multicolpretolerance=\count290
\full@width=\dimen178
\page@free=\dimen179
\premulticols=\dimen180
\postmulticols=\dimen181
\multicolsep=\skip73
\multicolbaselineskip=\skip74
\partial@page=\box53
\last@line=\box54
\maxbalancingoverflow=\dimen182
\mult@rightbox=\box55
\mult@grightbox=\box56
\mult@gfirstbox=\box57
\mult@firstbox=\box58
\@tempa=\box59
\@tempa=\box60
\@tempa=\box61
\@tempa=\box62
\@tempa=\box63
\@tempa=\box64
\@tempa=\box65
\@tempa=\box66
\@tempa=\box67
\@tempa=\box68
\@tempa=\box69
\@tempa=\box70
\@tempa=\box71
\@tempa=\box72
\@tempa=\box73
\@tempa=\box74
\@tempa=\box75
\@tempa=\box76
\@tempa=\box77
\@tempa=\box78
\@tempa=\box79
\@tempa=\box80
\@tempa=\box81
\@tempa=\box82
\@tempa=\box83
\@tempa=\box84
\@tempa=\box85
\@tempa=\box86
\@tempa=\box87
\@tempa=\box88
\@tempa=\box89
\@tempa=\box90
\@tempa=\box91
\@tempa=\box92
\@tempa=\box93
\@tempa=\box94
\@tempa=\box95
\c@minrows=\count291
\c@columnbadness=\count292
\c@finalcolumnbadness=\count293
\last@try=\dimen183
\multicolovershoot=\dimen184
\multicolundershoot=\dimen185
\mult@nat@firstbox=\box96
\colbreak@box=\box97
\mc@col@check@num=\count294
)
(C:\Users\amado\AppData\Roaming\MiKTeX\tex/latex/pdfpages\pdfpages.sty
Package: pdfpages 2020/01/28 v0.5q Insert pages of external PDF documents (AM)

("D:\Program Files\MiKTeX\tex/latex/base\ifthen.sty"
Package: ifthen 2014/09/29 v1.1c Standard LaTeX ifthen package (DPC)
)
(C:\Users\amado\AppData\Roaming\MiKTeX\tex/latex/eso-pic\eso-pic.sty
Package: eso-pic 2018/04/12 v2.0h eso-pic (RN)

("D:\Program Files\MiKTeX\tex/latex/xcolor\xcolor.sty"
Package: xcolor 2016/05/11 v2.12 LaTeX color extensions (UK)

("D:\Program Files\MiKTeX\tex/latex/graphics-cfg\color.cfg"
File: color.cfg 2016/01/02 v1.6 sample color configuration
)
Package xcolor Info: Driver file: pdftex.def on input line 225.
Package xcolor Info: Model `cmy' substituted by `cmy0' on input line 1348.
Package xcolor Info: Model `hsb' substituted by `rgb' on input line 1352.
Package xcolor Info: Model `RGB' extended on input line 1364.
Package xcolor Info: Model `HTML' substituted by `rgb' on input line 1366.
Package xcolor Info: Model `Hsb' substituted by `hsb' on input line 1367.
Package xcolor Info: Model `tHsb' substituted by `hsb' on input line 1368.
Package xcolor Info: Model `HSB' substituted by `hsb' on input line 1369.
Package xcolor Info: Model `Gray' substituted by `gray' on input line 1370.
Package xcolor Info: Model `wave' substituted by `hsb' on input line 1371.
))
\AM@pagewidth=\dimen186
\AM@pageheight=\dimen187

(C:\Users\amado\AppData\Roaming\MiKTeX\tex/latex/pdfpages\pppdftex.def
File: pppdftex.def 2020/01/28 v0.5q Pdfpages driver for pdfTeX (AM)
)
\AM@pagebox=\box98
\AM@global@opts=\toks28
\AM@pagecnt=\count295
\AM@toc@title=\toks29
\c@AM@survey=\count296
\AM@templatesizebox=\box99
)

LaTeX Warning: Unused global option(s):
    [11.5pt].

No file main.aux.
\openout1 = `main.aux'.

LaTeX Font Info:    Checking defaults for OML/cmm/m/it on input line 67.
LaTeX Font Info:    ... okay on input line 67.
LaTeX Font Info:    Checking defaults for OMS/cmsy/m/n on input line 67.
LaTeX Font Info:    ... okay on input line 67.
LaTeX Font Info:    Checking defaults for OT1/cmr/m/n on input line 67.
LaTeX Font Info:    ... okay on input line 67.
LaTeX Font Info:    Checking defaults for T1/cmr/m/n on input line 67.
LaTeX Font Info:    ... okay on input line 67.
LaTeX Font Info:    Checking defaults for TS1/cmr/m/n on input line 67.
LaTeX Font Info:    ... okay on input line 67.
LaTeX Font Info:    Checking defaults for OMX/cmex/m/n on input line 67.
LaTeX Font Info:    ... okay on input line 67.
LaTeX Font Info:    Checking defaults for U/cmr/m/n on input line 67.
LaTeX Font Info:    ... okay on input line 67.
LaTeX Font Info:    Checking defaults for PD1/pdf/m/n on input line 67.
LaTeX Font Info:    ... okay on input line 67.
LaTeX Font Info:    Trying to load font information for OT1+lmr on input line 6
7.
("D:\Program Files\MiKTeX\tex/latex/lm\ot1lmr.fd"
File: ot1lmr.fd 2009/10/30 v1.6 Font defs for Latin Modern
)
LaTeX Info: Redefining \celsius on input line 67.
Package gensymb Info: Faking symbols for \degree and \celsius on input line 67.



Package gensymb Warning: Not defining \perthousand.

LaTeX Info: Redefining \ohm on input line 67.
Package gensymb Info: Using \Omega for \ohm on input line 67.

Package gensymb Warning: Not defining \micro.

("D:\Program Files\MiKTeX\tex/context/base/mkii\supp-pdf.mkii"
[Loading MPS to PDF converter (version 2006.09.02).]
\scratchcounter=\count297
\scratchdimen=\dimen188
\scratchbox=\box100
\nofMPsegments=\count298
\nofMParguments=\count299
\everyMPshowfont=\toks30
\MPscratchCnt=\count300
\MPscratchDim=\dimen189
\MPnumerator=\count301
\makeMPintoPDFobject=\count302
\everyMPtoPDFconversion=\toks31
) ("D:\Program Files\MiKTeX\tex/latex/epstopdf-pkg\epstopdf-base.sty"
Package: epstopdf-base 2020-01-24 v2.11 Base part for package epstopdf
Package epstopdf-base Info: Redefining graphics rule for `.eps' on input line 4
85.
)
\AtBeginShipoutBox=\box101
Package hyperref Info: Link coloring ON on input line 67.

("D:\Program Files\MiKTeX\tex/latex/hyperref\nameref.sty"
Package: nameref 2019/09/16 v2.46 Cross-referencing by name of section

(C:\Users\amado\AppData\Roaming\MiKTeX\tex/latex/refcount\refcount.sty
Package: refcount 2019/12/15 v3.6 Data extraction from label references (HO)
)
(C:\Users\amado\AppData\Roaming\MiKTeX\tex/generic/gettitlestring\gettitlestrin
g.sty
Package: gettitlestring 2019/12/15 v1.6 Cleanup title references (HO)
)
\c@section@level=\count303
)
LaTeX Info: Redefining \ref on input line 67.
LaTeX Info: Redefining \pageref on input line 67.
LaTeX Info: Redefining \nameref on input line 67.
\@outlinefile=\write3
\openout3 = `main.out'.


*geometry* driver: auto-detecting
*geometry* detected driver: pdftex
*geometry* verbose mode - [ preamble ] result:
* driver: pdftex
* paper: a4paper
* layout: <same size as paper>
* layoutoffset:(h,v)=(0.0pt,0.0pt)
* modes: 
* h-part:(L,W,R)=(42.67912pt, 512.14963pt, 42.67912pt)
* v-part:(T,H,B)=(22.76219pt, 720.878pt, 101.40665pt)
* \paperwidth=597.50787pt
* \paperheight=845.04684pt
* \textwidth=512.14963pt
* \textheight=720.878pt
* \oddsidemargin=-29.59087pt
* \evensidemargin=-29.59087pt
* \topmargin=-86.5078pt
* \headheight=12.0pt
* \headsep=25.0pt
* \topskip=10.0pt
* \footskip=30.0pt
* \marginparwidth=65.0pt
* \marginparsep=11.0pt
* \columnsep=10.0pt
* \skip\footins=9.0pt plus 4.0pt minus 2.0pt
* \hoffset=0.0pt
* \voffset=0.0pt
* \mag=1000
* \@twocolumnfalse
* \@twosidefalse
* \@mparswitchfalse
* \@reversemarginfalse
* (1in=72.27pt=25.4mm, 1cm=28.453pt)

(C:\Users\amado\AppData\Roaming\MiKTeX\tex/latex/pdflscape\pdflscape.sty
Package: pdflscape 2019/12/05 v0.12 Display of landscape pages in PDF (HO)

("D:\Program Files\MiKTeX\tex/latex/graphics\lscape.sty"
Package: lscape 2000/10/22 v3.01 Landscape Pages (DPC)
)
Package pdflscape Info: Auto-detected driver: pdftex on input line 81.
)
LaTeX Font Info:    Trying to load font information for OML+lmm on input line 7
0.

("D:\Program Files\MiKTeX\tex/latex/lm\omllmm.fd"
File: omllmm.fd 2009/10/30 v1.6 Font defs for Latin Modern
)
LaTeX Font Info:    Trying to load font information for OMS+lmsy on input line 
70.

("D:\Program Files\MiKTeX\tex/latex/lm\omslmsy.fd"
File: omslmsy.fd 2009/10/30 v1.6 Font defs for Latin Modern
)
LaTeX Font Info:    Trying to load font information for OMX+lmex on input line 
70.

("D:\Program Files\MiKTeX\tex/latex/lm\omxlmex.fd"
File: omxlmex.fd 2009/10/30 v1.6 Font defs for Latin Modern
)
LaTeX Font Info:    External font `lmex10' loaded for size
(Font)              <12> on input line 70.
LaTeX Font Info:    External font `lmex10' loaded for size
(Font)              <8> on input line 70.
LaTeX Font Info:    External font `lmex10' loaded for size
(Font)              <6> on input line 70.
LaTeX Font Info:    Trying to load font information for U+msa on input line 70.


("D:\Program Files\MiKTeX\tex/latex/amsfonts\umsa.fd"
File: umsa.fd 2013/01/14 v3.01 AMS symbols A
)
LaTeX Font Info:    Trying to load font information for U+msb on input line 70.


("D:\Program Files\MiKTeX\tex/latex/amsfonts\umsb.fd"
File: umsb.fd 2013/01/14 v3.01 AMS symbols B
)
<Future directions and open issues for fake news detection on social media.jpg,
 id=3, 597.432pt x 305.34074pt>
File: Future directions and open issues for fake news detection on social media
.jpg Graphic file (type jpg)
<use Future directions and open issues for fake news detection on social media.
jpg>
Package pdftex.def Info: Future directions and open issues for fake news detect
ion on social media.jpg  used on input line 93.
(pdftex.def)             Requested size: 250.38434pt x 127.96735pt.


! LaTeX Error: \caption outside float.

See the LaTeX manual or LaTeX Companion for explanation.
Type  H <return>  for immediate help.
 ...                                              
                                                  
l.94     \caption
                 {\underline{Fig.\ref{fig:project_tree}:} Future directions ...

You're in trouble here.  Try typing  <return>  to proceed.
If that doesn't work, type  X <return>  to quit.

LaTeX Font Info:    External font `lmex10' loaded for size
(Font)              <10> on input line 94.
LaTeX Font Info:    External font `lmex10' loaded for size
(Font)              <7> on input line 94.
LaTeX Font Info:    External font `lmex10' loaded for size
(Font)              <5> on input line 94.

LaTeX Warning: Reference `fig:project_tree' on page 1 undefined on input line 9
4.


Package natbib Warning: Citation `alexjones2018banned' on page 1 undefined on i
nput line 107.


Package natbib Warning: Citation `pizzagate' on page 1 undefined on input line 
107.

[1

{C:/Users/amado/AppData/Local/MiKTeX/pdftex/config/pdftex.map} <./Future direct
ions and open issues for fake news detection on social media.jpg>]
LaTeX Font Info:    Trying to load font information for TS1+lmr on input line 1
28.

("D:\Program Files\MiKTeX\tex/latex/lm\ts1lmr.fd"
File: ts1lmr.fd 2009/10/30 v1.6 Font defs for Latin Modern
)
<Fake news on social media -- from characterization to detection.jpg, id=25, 76
6.66425pt x 228.25275pt>
File: Fake news on social media -- from characterization to detection.jpg Graph
ic file (type jpg)
<use Fake news on social media -- from characterization to detection.jpg>
Package pdftex.def Info: Fake news on social media -- from characterization to 
detection.jpg  used on input line 141.
(pdftex.def)             Requested size: 250.38434pt x 74.54347pt.


! LaTeX Error: \caption outside float.

See the LaTeX manual or LaTeX Companion for explanation.
Type  H <return>  for immediate help.
 ...                                              
                                                  
l.142     \caption
                  {\underline{Fig.\ref{fig:news_kterization}}: Fake news on ...

You're in trouble here.  Try typing  <return>  to proceed.
If that doesn't work, type  X <return>  to quit.


LaTeX Warning: Reference `fig:news_kterization' on page 2 undefined on input li
ne 142.

[2 <./Fake news on social media -- from characterization to detection.jpg>]

Package natbib Warning: Citation `jarmul' on page 3 undefined on input line 166
.


Package natbib Warning: Citation `jarmul' on page 3 undefined on input line 166
.


Package natbib Warning: Citation `rao' on page 3 undefined on input line 169.


Package natbib Warning: Citation `thota' on page 3 undefined on input line 172.



Package natbib Warning: Citation `onlinepac' on page 3 undefined on input line 
176.


Underfull \hbox (badness 5231) in paragraph at lines 176--178
 [][] \OT1/lmr/m/n/10 Fi-nally, an-other pa-per en-ti-tled \OT1/lmr/m/it/10 'On
-line Passive-
 []


LaTeX Warning: Reference `fig:project_view' on page 3 undefined on input line 1
80.

<model.jpg, id=42, 433.62pt x 225.84375pt>
File: model.jpg Graphic file (type jpg)
<use model.jpg>
Package pdftex.def Info: model.jpg  used on input line 183.
(pdftex.def)             Requested size: 250.38434pt x 130.4105pt.

! LaTeX Error: \caption outside float.

See the LaTeX manual or LaTeX Companion for explanation.
Type  H <return>  for immediate help.
 ...                                              
                                                  
l.184     \caption
                  {\underline{\textbf{Fig.}\ref{fig:project_view}}: Project ...

You're in trouble here.  Try typing  <return>  to proceed.
If that doesn't work, type  X <return>  to quit.


LaTeX Warning: Reference `fig:project_view' on page 3 undefined on input line 1
84.

<compiled dataset.jpg, id=43, 669.702pt x 169.8345pt>
File: compiled dataset.jpg Graphic file (type jpg)
<use compiled dataset.jpg>
Package pdftex.def Info: compiled dataset.jpg  used on input line 206.
(pdftex.def)             Requested size: 250.38144pt x 125.19614pt.

! LaTeX Error: \caption outside float.

See the LaTeX manual or LaTeX Companion for explanation.
Type  H <return>  for immediate help.
 ...                                              
                                                  
l.207     \caption
                  {\underline{Fig.\ref{fig:dataset}}: Compiled Dataset}
You're in trouble here.  Try typing  <return>  to proceed.
If that doesn't work, type  X <return>  to quit.


LaTeX Warning: Reference `fig:dataset' on page 3 undefined on input line 207.

[3 <./model.jpg>]

Package natbib Warning: Citation `fakenewsdatasetkaggle' on page 4 undefined on
 input line 210.


Package hyperref Warning: Token not allowed in a PDF string (PDFDocEncoding):
(hyperref)                removing `\\' on input line 217.


Package natbib Warning: Citation `crammer' on page 4 undefined on input line 22
4.


Package natbib Warning: Citation `geeksforgeeks' on page 4 undefined on input l
ine 227.


Package natbib Warning: Citation `geeksforgeeks' on page 4 undefined on input l
ine 231.


Package natbib Warning: Citation `giuseppebonaccorso' on page 4 undefined on in
put line 246.


Package natbib Warning: Citation `crammer' on page 4 undefined on input line 24
6.


LaTeX Warning: Reference `fig:pac1' on page 4 undefined on input line 270.

[4 <./compiled dataset.jpg>]
<PAC1.png, id=79, 770.88pt x 484.81125pt>
File: PAC1.png Graphic file (type png)
<use PAC1.png>
Package pdftex.def Info: PAC1.png  used on input line 273.
(pdftex.def)             Requested size: 250.38434pt x 157.4656pt.


! LaTeX Error: \caption outside float.

See the LaTeX manual or LaTeX Companion for explanation.
Type  H <return>  for immediate help.
 ...                                              
                                                  
l.274     \caption
                  {\underline{\textbf{Fig.}\ref{fig:pac1}}}
You're in trouble here.  Try typing  <return>  to proceed.
If that doesn't work, type  X <return>  to quit.


LaTeX Warning: Reference `fig:pac1' on page 5 undefined on input line 274.


LaTeX Warning: Reference `fig:pac2' on page 5 undefined on input line 287.

<PAC2.png, id=80, 578.16pt x 366.61969pt>
File: PAC2.png Graphic file (type png)
<use PAC2.png>
Package pdftex.def Info: PAC2.png  used on input line 290.
(pdftex.def)             Requested size: 250.38434pt x 158.7678pt.

! LaTeX Error: \caption outside float.

See the LaTeX manual or LaTeX Companion for explanation.
Type  H <return>  for immediate help.
 ...                                              
                                                  
l.291     \caption
                  {\underline{\textbf{Fig.}\ref{fig:pac2}}}
You're in trouble here.  Try typing  <return>  to proceed.
If that doesn't work, type  X <return>  to quit.


LaTeX Warning: Reference `fig:pac2' on page 5 undefined on input line 291.

<Three variants of the Passive-Aggressive algorithm for binary classiﬁcation.
jpg, id=81, 579.96675pt x 409.53pt>
File: Three variants of the Passive-Aggressive algorithm for binary classiﬁca
tion.jpg Graphic file (type jpg)
<use Three variants of the Passive-Aggressive algorithm for binary classiﬁcat
ion.jpg>
Package pdftex.def Info: Three variants of the Passive-Aggressive algorithm for
 binary classiﬁcation.jpg  used on input line 299.
(pdftex.def)             Requested size: 250.38434pt x 176.80058pt.

! LaTeX Error: \caption outside float.

See the LaTeX manual or LaTeX Companion for explanation.
Type  H <return>  for immediate help.
 ...                                              
                                                  
l.300     \caption
                  {\underline{\textbf{Fig.}\ref{fig:pac_var}}: Algorithm of ...

You're in trouble here.  Try typing  <return>  to proceed.
If that doesn't work, type  X <return>  to quit.


LaTeX Warning: Reference `fig:pac_var' on page 5 undefined on input line 300.


Underfull \hbox (badness 6608) in paragraph at lines 304--304
[]\OT1/lmr/bx/n/10 Explanation of the Pa-ram-e-ters ||
 []


Package natbib Warning: Citation `projectgroup' on page 5 undefined on input li
ne 317.

<Data Science Workflow.png, id=83, 2007.5pt x 786.94pt>
File: Data Science Workflow.png Graphic file (type png)
<use Data Science Workflow.png>
Package pdftex.def Info: Data Science Workflow.png  used on input line 322.
(pdftex.def)             Requested size: 250.38551pt x 142.25548pt.
[5 <./PAC1.png (PNG copy)> <./PAC2.png> <./Three variants of the Passive-Aggres
sive algorithm for binary classiﬁcation.jpg>]
<Workflow diagram of the framework proposed framework .jpg, id=94, 323.40825pt 
x 442.65375pt>
File: Workflow diagram of the framework proposed framework .jpg Graphic file (t
ype jpg)
<use Workflow diagram of the framework proposed framework .jpg>
Package pdftex.def Info: Workflow diagram of the framework proposed framework .
jpg  used on input line 328.
(pdftex.def)             Requested size: 250.38434pt x 342.70187pt.


! LaTeX Error: \caption outside float.

See the LaTeX manual or LaTeX Companion for explanation.
Type  H <return>  for immediate help.
 ...                                              
                                                  
l.329     \caption
                  {\underline{\textbf{Fig.}\ref{fig:project_workflow}}: Work...

You're in trouble here.  Try typing  <return>  to proceed.
If that doesn't work, type  X <return>  to quit.


LaTeX Warning: Reference `fig:project_workflow' on page 6 undefined on input li
ne 329.


Underfull \hbox (badness 8113) in paragraph at lines 346--347
[]\OT1/lmr/m/n/10 After Pre-vi-ous.Step, if the ob-tained re-sults
 []


Underfull \hbox (badness 7667) in paragraph at lines 346--347
\OT1/lmr/m/n/10 are not still that con-vinc-ing then "Re-peat
 []


LaTeX Warning: Reference `fig:selected_features' on page 6 undefined on input l
ine 355.

<compiled dataset with selected features.jpg, id=95, 837.1275pt x 212.29312pt>
File: compiled dataset with selected features.jpg Graphic file (type jpg)
<use compiled dataset with selected features.jpg>
Package pdftex.def Info: compiled dataset with selected features.jpg  used on i
nput line 361.
(pdftex.def)             Requested size: 250.37378pt x 110.96642pt.

! LaTeX Error: \caption outside float.

See the LaTeX manual or LaTeX Companion for explanation.
Type  H <return>  for immediate help.
 ...                                              
                                                  
l.362     \caption
                  {\underline{Fig.\ref{fig:selected_features}}: Compiled Dat...

You're in trouble here.  Try typing  <return>  to proceed.
If that doesn't work, type  X <return>  to quit.


LaTeX Warning: Reference `fig:selected_features' on page 6 undefined on input l
ine 362.


Underfull \hbox (badness 10000) in paragraph at lines 366--370

 []

[6 <./Data Science Workflow.png (PNG copy)> <./Workflow diagram of the framewor
k proposed framework .jpg> <./compiled dataset with selected features.jpg>]
<td-idf vect.png, id=108, 534.49687pt x 450.9347pt>
File: td-idf vect.png Graphic file (type png)
<use td-idf vect.png>
Package pdftex.def Info: td-idf vect.png  used on input line 373.
(pdftex.def)             Requested size: 250.38434pt x 211.2375pt.


! LaTeX Error: \caption outside float.

See the LaTeX manual or LaTeX Companion for explanation.
Type  H <return>  for immediate help.
 ...                                              
                                                  
l.374     \caption
                  {\underline{Fig.\textbf{\ref{fig:td_idf_exple}}}: Text Doc...

You're in trouble here.  Try typing  <return>  to proceed.
If that doesn't work, type  X <return>  to quit.


LaTeX Warning: Reference `fig:td_idf_exple' on page 7 undefined on input line 3
74.


! LaTeX Error: There's no line here to end.

See the LaTeX manual or LaTeX Companion for explanation.
Type  H <return>  for immediate help.
 ...                                              
                                                  
l.383 \newline
              
Your command was ignored.
Type  I <command> <return>  to replace it with another command,
or  <return>  to continue without it.


! LaTeX Error: There's no line here to end.

See the LaTeX manual or LaTeX Companion for explanation.
Type  H <return>  for immediate help.
 ...                                              
                                                  
l.383 \newline
              
Your command was ignored.
Type  I <command> <return>  to replace it with another command,
or  <return>  to continue without it.


Underfull \hbox (badness 10000) in paragraph at lines 384--388

 []


Package natbib Warning: Citation `traintestsplit' on page 7 undefined on input 
line 410.


LaTeX Warning: Reference `fig:dataset' on page 7 undefined on input line 414.


LaTeX Warning: Reference `fig:selected_features' on page 7 undefined on input l
ine 414.

[7 <./td-idf vect.png>]
<pac config.jpg, id=125, 440.847pt x 87.32625pt>
File: pac config.jpg Graphic file (type jpg)
<use pac config.jpg>
Package pdftex.def Info: pac config.jpg  used on input line 431.
(pdftex.def)             Requested size: 250.384pt x 85.36327pt.


Package natbib Warning: Citation `roc' on page 8 undefined on input line 467.


Package natbib Warning: Citation `stat_accuracy' on page 8 undefined on input l
ine 471.

<report4.jpg, id=126, 422.7795pt x 283.65974pt>
File: report4.jpg Graphic file (type jpg)
<use report4.jpg>
Package pdftex.def Info: report4.jpg  used on input line 491.
(pdftex.def)             Requested size: 250.38434pt x 167.99405pt.
[8 <./pac config.jpg>]
<report1.jpg, id=145, 325.215pt x 509.5035pt>
File: report1.jpg Graphic file (type jpg)
<use report1.jpg>
Package pdftex.def Info: report1.jpg  used on input line 498.
(pdftex.def)             Requested size: 250.38434pt x 392.28003pt.
<report2.jpg, id=146, 460.72125pt x 452.28975pt>
File: report2.jpg Graphic file (type jpg)
<use report2.jpg>
Package pdftex.def Info: report2.jpg  used on input line 504.
(pdftex.def)             Requested size: 250.38434pt x 245.79944pt.
<report5.jpg, id=147, 522.753pt x 366.168pt>
File: report5.jpg Graphic file (type jpg)
<use report5.jpg>
Package pdftex.def Info: report5.jpg  used on input line 509.
(pdftex.def)             Requested size: 250.38434pt x 175.3843pt.
<report6.jpg, id=148, 585.387pt x 525.162pt>
File: report6.jpg Graphic file (type jpg)
<use report6.jpg>
Package pdftex.def Info: report6.jpg  used on input line 515.
(pdftex.def)             Requested size: 250.38434pt x 224.62128pt.


Package natbib Warning: Citation `gottfried26' on page 9 undefined on input lin
e 520.


Package natbib Warning: Citation `gottfried4' on page 9 undefined on input line
 520.

[9 <./report4.jpg> <./report1.jpg> <./report2.jpg> <./report5.jpg> <./report6.j
pg>]
No file main.bbl.
LaTeX Font Info:    External font `lmex10' loaded for size
(Font)              <14.4> on input line 536.

Package pdfpages Warning: Option `page' is unknow to \includepdf.
(pdfpages)                Did you mean `pages'? (Note the `s'!)
(pdfpages)                OK, I'll proceed as if it were `pages'.

<ML_Project_Fake_News_Detector.pdf, id=157, 614.295pt x 794.97pt>
File: ML_Project_Fake_News_Detector.pdf Graphic file (type pdf)
<use ML_Project_Fake_News_Detector.pdf>
Package pdftex.def Info: ML_Project_Fake_News_Detector.pdf  used on input line 
538.
(pdftex.def)             Requested size: 614.29349pt x 794.96806pt.
File: ML_Project_Fake_News_Detector.pdf Graphic file (type pdf)
<use ML_Project_Fake_News_Detector.pdf>
Package pdftex.def Info: ML_Project_Fake_News_Detector.pdf  used on input line 
538.
(pdftex.def)             Requested size: 614.29349pt x 794.96806pt.
<ML_Project_Fake_News_Detector.pdf, id=160, page=1, 614.295pt x 794.97pt>
File: ML_Project_Fake_News_Detector.pdf Graphic file (type pdf)
<use ML_Project_Fake_News_Detector.pdf, page 1>
Package pdftex.def Info: ML_Project_Fake_News_Detector.pdf , page1 used on inpu
t line 538.
(pdftex.def)             Requested size: 614.29349pt x 794.96806pt.
File: ML_Project_Fake_News_Detector.pdf Graphic file (type pdf)
<use ML_Project_Fake_News_Detector.pdf, page 1>
Package pdftex.def Info: ML_Project_Fake_News_Detector.pdf , page1 used on inpu
t line 538.
(pdftex.def)             Requested size: 597.78697pt x 773.60669pt.
[10]
File: ML_Project_Fake_News_Detector.pdf Graphic file (type pdf)
<use ML_Project_Fake_News_Detector.pdf, page 1>
Package pdftex.def Info: ML_Project_Fake_News_Detector.pdf , page1 used on inpu
t line 538.
(pdftex.def)             Requested size: 597.78697pt x 773.60669pt.
File: ML_Project_Fake_News_Detector.pdf Graphic file (type pdf)
<use ML_Project_Fake_News_Detector.pdf, page 1>
Package pdftex.def Info: ML_Project_Fake_News_Detector.pdf , page1 used on inpu
t line 538.
(pdftex.def)             Requested size: 597.78697pt x 773.60669pt.
File: ML_Project_Fake_News_Detector.pdf Graphic file (type pdf)
<use ML_Project_Fake_News_Detector.pdf, page 1>
Package pdftex.def Info: ML_Project_Fake_News_Detector.pdf , page1 used on inpu
t line 538.
(pdftex.def)             Requested size: 597.78697pt x 773.60669pt.
 [11 <./ML_Project_Fake_News_Detector.pdf>]
<ML_Project_Fake_News_Detector.pdf, id=243, page=2, 614.295pt x 794.97pt>
File: ML_Project_Fake_News_Detector.pdf Graphic file (type pdf)
<use ML_Project_Fake_News_Detector.pdf, page 2>
Package pdftex.def Info: ML_Project_Fake_News_Detector.pdf , page2 used on inpu
t line 538.
(pdftex.def)             Requested size: 597.78697pt x 773.60669pt.
File: ML_Project_Fake_News_Detector.pdf Graphic file (type pdf)
<use ML_Project_Fake_News_Detector.pdf, page 2>
Package pdftex.def Info: ML_Project_Fake_News_Detector.pdf , page2 used on inpu
t line 538.
(pdftex.def)             Requested size: 597.78697pt x 773.60669pt.
File: ML_Project_Fake_News_Detector.pdf Graphic file (type pdf)
<use ML_Project_Fake_News_Detector.pdf, page 2>
Package pdftex.def Info: ML_Project_Fake_News_Detector.pdf , page2 used on inpu
t line 538.
(pdftex.def)             Requested size: 597.78697pt x 773.60669pt.
 [12 <./ML_Project_Fake_News_Detector.pdf>]
<ML_Project_Fake_News_Detector.pdf, id=248, page=3, 614.295pt x 794.97pt>
File: ML_Project_Fake_News_Detector.pdf Graphic file (type pdf)
<use ML_Project_Fake_News_Detector.pdf, page 3>
Package pdftex.def Info: ML_Project_Fake_News_Detector.pdf , page3 used on inpu
t line 538.
(pdftex.def)             Requested size: 597.78697pt x 773.60669pt.
File: ML_Project_Fake_News_Detector.pdf Graphic file (type pdf)
<use ML_Project_Fake_News_Detector.pdf, page 3>
Package pdftex.def Info: ML_Project_Fake_News_Detector.pdf , page3 used on inpu
t line 538.
(pdftex.def)             Requested size: 597.78697pt x 773.60669pt.
File: ML_Project_Fake_News_Detector.pdf Graphic file (type pdf)
<use ML_Project_Fake_News_Detector.pdf, page 3>
Package pdftex.def Info: ML_Project_Fake_News_Detector.pdf , page3 used on inpu
t line 538.
(pdftex.def)             Requested size: 597.78697pt x 773.60669pt.
 [13 <./ML_Project_Fake_News_Detector.pdf>]
<ML_Project_Fake_News_Detector.pdf, id=254, page=4, 614.295pt x 794.97pt>
File: ML_Project_Fake_News_Detector.pdf Graphic file (type pdf)
<use ML_Project_Fake_News_Detector.pdf, page 4>
Package pdftex.def Info: ML_Project_Fake_News_Detector.pdf , page4 used on inpu
t line 538.
(pdftex.def)             Requested size: 597.78697pt x 773.60669pt.
File: ML_Project_Fake_News_Detector.pdf Graphic file (type pdf)
<use ML_Project_Fake_News_Detector.pdf, page 4>
Package pdftex.def Info: ML_Project_Fake_News_Detector.pdf , page4 used on inpu
t line 538.
(pdftex.def)             Requested size: 597.78697pt x 773.60669pt.
File: ML_Project_Fake_News_Detector.pdf Graphic file (type pdf)
<use ML_Project_Fake_News_Detector.pdf, page 4>
Package pdftex.def Info: ML_Project_Fake_News_Detector.pdf , page4 used on inpu
t line 538.
(pdftex.def)             Requested size: 597.78697pt x 773.60669pt.
 [14 <./ML_Project_Fake_News_Detector.pdf>]
<ML_Project_Fake_News_Detector.pdf, id=259, page=5, 614.295pt x 794.97pt>
File: ML_Project_Fake_News_Detector.pdf Graphic file (type pdf)
<use ML_Project_Fake_News_Detector.pdf, page 5>
Package pdftex.def Info: ML_Project_Fake_News_Detector.pdf , page5 used on inpu
t line 538.
(pdftex.def)             Requested size: 597.78697pt x 773.60669pt.
File: ML_Project_Fake_News_Detector.pdf Graphic file (type pdf)
<use ML_Project_Fake_News_Detector.pdf, page 5>
Package pdftex.def Info: ML_Project_Fake_News_Detector.pdf , page5 used on inpu
t line 538.
(pdftex.def)             Requested size: 597.78697pt x 773.60669pt.
File: ML_Project_Fake_News_Detector.pdf Graphic file (type pdf)
<use ML_Project_Fake_News_Detector.pdf, page 5>
Package pdftex.def Info: ML_Project_Fake_News_Detector.pdf , page5 used on inpu
t line 538.
(pdftex.def)             Requested size: 597.78697pt x 773.60669pt.
 [15 <./ML_Project_Fake_News_Detector.pdf>]
<ML_Project_Fake_News_Detector.pdf, id=264, page=6, 614.295pt x 794.97pt>
File: ML_Project_Fake_News_Detector.pdf Graphic file (type pdf)
<use ML_Project_Fake_News_Detector.pdf, page 6>
Package pdftex.def Info: ML_Project_Fake_News_Detector.pdf , page6 used on inpu
t line 538.
(pdftex.def)             Requested size: 597.78697pt x 773.60669pt.
File: ML_Project_Fake_News_Detector.pdf Graphic file (type pdf)
<use ML_Project_Fake_News_Detector.pdf, page 6>
Package pdftex.def Info: ML_Project_Fake_News_Detector.pdf , page6 used on inpu
t line 538.
(pdftex.def)             Requested size: 597.78697pt x 773.60669pt.
File: ML_Project_Fake_News_Detector.pdf Graphic file (type pdf)
<use ML_Project_Fake_News_Detector.pdf, page 6>
Package pdftex.def Info: ML_Project_Fake_News_Detector.pdf , page6 used on inpu
t line 538.
(pdftex.def)             Requested size: 597.78697pt x 773.60669pt.
 [16 <./ML_Project_Fake_News_Detector.pdf>]
<ML_Project_Fake_News_Detector.pdf, id=269, page=7, 614.295pt x 794.97pt>
File: ML_Project_Fake_News_Detector.pdf Graphic file (type pdf)
<use ML_Project_Fake_News_Detector.pdf, page 7>
Package pdftex.def Info: ML_Project_Fake_News_Detector.pdf , page7 used on inpu
t line 538.
(pdftex.def)             Requested size: 597.78697pt x 773.60669pt.
File: ML_Project_Fake_News_Detector.pdf Graphic file (type pdf)
<use ML_Project_Fake_News_Detector.pdf, page 7>
Package pdftex.def Info: ML_Project_Fake_News_Detector.pdf , page7 used on inpu
t line 538.
(pdftex.def)             Requested size: 597.78697pt x 773.60669pt.
File: ML_Project_Fake_News_Detector.pdf Graphic file (type pdf)
<use ML_Project_Fake_News_Detector.pdf, page 7>
Package pdftex.def Info: ML_Project_Fake_News_Detector.pdf , page7 used on inpu
t line 538.
(pdftex.def)             Requested size: 597.78697pt x 773.60669pt.
 [17 <./ML_Project_Fake_News_Detector.pdf>]
<ML_Project_Fake_News_Detector.pdf, id=274, page=8, 614.295pt x 794.97pt>
File: ML_Project_Fake_News_Detector.pdf Graphic file (type pdf)
<use ML_Project_Fake_News_Detector.pdf, page 8>
Package pdftex.def Info: ML_Project_Fake_News_Detector.pdf , page8 used on inpu
t line 538.
(pdftex.def)             Requested size: 597.78697pt x 773.60669pt.
File: ML_Project_Fake_News_Detector.pdf Graphic file (type pdf)
<use ML_Project_Fake_News_Detector.pdf, page 8>
Package pdftex.def Info: ML_Project_Fake_News_Detector.pdf , page8 used on inpu
t line 538.
(pdftex.def)             Requested size: 597.78697pt x 773.60669pt.
File: ML_Project_Fake_News_Detector.pdf Graphic file (type pdf)
<use ML_Project_Fake_News_Detector.pdf, page 8>
Package pdftex.def Info: ML_Project_Fake_News_Detector.pdf , page8 used on inpu
t line 538.
(pdftex.def)             Requested size: 597.78697pt x 773.60669pt.
 [18 <./ML_Project_Fake_News_Detector.pdf>]
<ML_Project_Fake_News_Detector.pdf, id=293, page=9, 614.295pt x 794.97pt>
File: ML_Project_Fake_News_Detector.pdf Graphic file (type pdf)
<use ML_Project_Fake_News_Detector.pdf, page 9>
Package pdftex.def Info: ML_Project_Fake_News_Detector.pdf , page9 used on inpu
t line 538.
(pdftex.def)             Requested size: 597.78697pt x 773.60669pt.
File: ML_Project_Fake_News_Detector.pdf Graphic file (type pdf)
<use ML_Project_Fake_News_Detector.pdf, page 9>
Package pdftex.def Info: ML_Project_Fake_News_Detector.pdf , page9 used on inpu
t line 538.
(pdftex.def)             Requested size: 597.78697pt x 773.60669pt.
File: ML_Project_Fake_News_Detector.pdf Graphic file (type pdf)
<use ML_Project_Fake_News_Detector.pdf, page 9>
Package pdftex.def Info: ML_Project_Fake_News_Detector.pdf , page9 used on inpu
t line 538.
(pdftex.def)             Requested size: 597.78697pt x 773.60669pt.
 [19 <./ML_Project_Fake_News_Detector.pdf>]
<ML_Project_Fake_News_Detector.pdf, id=299, page=10, 614.295pt x 794.97pt>
File: ML_Project_Fake_News_Detector.pdf Graphic file (type pdf)
<use ML_Project_Fake_News_Detector.pdf, page 10>
Package pdftex.def Info: ML_Project_Fake_News_Detector.pdf , page10 used on inp
ut line 538.
(pdftex.def)             Requested size: 597.78697pt x 773.60669pt.
File: ML_Project_Fake_News_Detector.pdf Graphic file (type pdf)
<use ML_Project_Fake_News_Detector.pdf, page 10>
Package pdftex.def Info: ML_Project_Fake_News_Detector.pdf , page10 used on inp
ut line 538.
(pdftex.def)             Requested size: 597.78697pt x 773.60669pt.
File: ML_Project_Fake_News_Detector.pdf Graphic file (type pdf)
<use ML_Project_Fake_News_Detector.pdf, page 10>
Package pdftex.def Info: ML_Project_Fake_News_Detector.pdf , page10 used on inp
ut line 538.
(pdftex.def)             Requested size: 597.78697pt x 773.60669pt.

[20 <./ML_Project_Fake_News_Detector.pdf>]
<ML_Project_Fake_News_Detector.pdf, id=304, page=11, 614.295pt x 794.97pt>
File: ML_Project_Fake_News_Detector.pdf Graphic file (type pdf)
<use ML_Project_Fake_News_Detector.pdf, page 11>
Package pdftex.def Info: ML_Project_Fake_News_Detector.pdf , page11 used on inp
ut line 538.
(pdftex.def)             Requested size: 597.78697pt x 773.60669pt.
File: ML_Project_Fake_News_Detector.pdf Graphic file (type pdf)
<use ML_Project_Fake_News_Detector.pdf, page 11>
Package pdftex.def Info: ML_Project_Fake_News_Detector.pdf , page11 used on inp
ut line 538.
(pdftex.def)             Requested size: 597.78697pt x 773.60669pt.
File: ML_Project_Fake_News_Detector.pdf Graphic file (type pdf)
<use ML_Project_Fake_News_Detector.pdf, page 11>
Package pdftex.def Info: ML_Project_Fake_News_Detector.pdf , page11 used on inp
ut line 538.
(pdftex.def)             Requested size: 597.78697pt x 773.60669pt.
 [21 <./ML_Project_Fake_News_Detector.pdf>]
<ML_Project_Fake_News_Detector.pdf, id=309, page=12, 614.295pt x 794.97pt>
File: ML_Project_Fake_News_Detector.pdf Graphic file (type pdf)
<use ML_Project_Fake_News_Detector.pdf, page 12>
Package pdftex.def Info: ML_Project_Fake_News_Detector.pdf , page12 used on inp
ut line 538.
(pdftex.def)             Requested size: 597.78697pt x 773.60669pt.
File: ML_Project_Fake_News_Detector.pdf Graphic file (type pdf)
<use ML_Project_Fake_News_Detector.pdf, page 12>
Package pdftex.def Info: ML_Project_Fake_News_Detector.pdf , page12 used on inp
ut line 538.
(pdftex.def)             Requested size: 597.78697pt x 773.60669pt.
File: ML_Project_Fake_News_Detector.pdf Graphic file (type pdf)
<use ML_Project_Fake_News_Detector.pdf, page 12>
Package pdftex.def Info: ML_Project_Fake_News_Detector.pdf , page12 used on inp
ut line 538.
(pdftex.def)             Requested size: 597.78697pt x 773.60669pt.
 [22 <./ML_Project_Fake_News_Detector.pdf>]
<ML_Project_Fake_News_Detector.pdf, id=314, page=13, 614.295pt x 794.97pt>
File: ML_Project_Fake_News_Detector.pdf Graphic file (type pdf)
<use ML_Project_Fake_News_Detector.pdf, page 13>
Package pdftex.def Info: ML_Project_Fake_News_Detector.pdf , page13 used on inp
ut line 538.
(pdftex.def)             Requested size: 597.78697pt x 773.60669pt.
File: ML_Project_Fake_News_Detector.pdf Graphic file (type pdf)
<use ML_Project_Fake_News_Detector.pdf, page 13>
Package pdftex.def Info: ML_Project_Fake_News_Detector.pdf , page13 used on inp
ut line 538.
(pdftex.def)             Requested size: 597.78697pt x 773.60669pt.
File: ML_Project_Fake_News_Detector.pdf Graphic file (type pdf)
<use ML_Project_Fake_News_Detector.pdf, page 13>
Package pdftex.def Info: ML_Project_Fake_News_Detector.pdf , page13 used on inp
ut line 538.
(pdftex.def)             Requested size: 597.78697pt x 773.60669pt.
 [23 <./ML_Project_Fake_News_Detector.pdf>]
<ML_Project_Fake_News_Detector.pdf, id=319, page=14, 614.295pt x 794.97pt>
File: ML_Project_Fake_News_Detector.pdf Graphic file (type pdf)
<use ML_Project_Fake_News_Detector.pdf, page 14>
Package pdftex.def Info: ML_Project_Fake_News_Detector.pdf , page14 used on inp
ut line 538.
(pdftex.def)             Requested size: 597.78697pt x 773.60669pt.
File: ML_Project_Fake_News_Detector.pdf Graphic file (type pdf)
<use ML_Project_Fake_News_Detector.pdf, page 14>
Package pdftex.def Info: ML_Project_Fake_News_Detector.pdf , page14 used on inp
ut line 538.
(pdftex.def)             Requested size: 597.78697pt x 773.60669pt.
File: ML_Project_Fake_News_Detector.pdf Graphic file (type pdf)
<use ML_Project_Fake_News_Detector.pdf, page 14>
Package pdftex.def Info: ML_Project_Fake_News_Detector.pdf , page14 used on inp
ut line 538.
(pdftex.def)             Requested size: 597.78697pt x 773.60669pt.
 [24 <./ML_Project_Fake_News_Detector.pdf>]
<ML_Project_Fake_News_Detector.pdf, id=326, page=15, 614.295pt x 794.97pt>
File: ML_Project_Fake_News_Detector.pdf Graphic file (type pdf)
<use ML_Project_Fake_News_Detector.pdf, page 15>
Package pdftex.def Info: ML_Project_Fake_News_Detector.pdf , page15 used on inp
ut line 538.
(pdftex.def)             Requested size: 597.78697pt x 773.60669pt.
File: ML_Project_Fake_News_Detector.pdf Graphic file (type pdf)
<use ML_Project_Fake_News_Detector.pdf, page 15>
Package pdftex.def Info: ML_Project_Fake_News_Detector.pdf , page15 used on inp
ut line 538.
(pdftex.def)             Requested size: 597.78697pt x 773.60669pt.
File: ML_Project_Fake_News_Detector.pdf Graphic file (type pdf)
<use ML_Project_Fake_News_Detector.pdf, page 15>
Package pdftex.def Info: ML_Project_Fake_News_Detector.pdf , page15 used on inp
ut line 538.
(pdftex.def)             Requested size: 597.78697pt x 773.60669pt.
 [25 <./ML_Project_Fake_News_Detector.pdf>]
<ML_Project_Fake_News_Detector.pdf, id=334, page=16, 614.295pt x 794.97pt>
File: ML_Project_Fake_News_Detector.pdf Graphic file (type pdf)
<use ML_Project_Fake_News_Detector.pdf, page 16>
Package pdftex.def Info: ML_Project_Fake_News_Detector.pdf , page16 used on inp
ut line 538.
(pdftex.def)             Requested size: 597.78697pt x 773.60669pt.
File: ML_Project_Fake_News_Detector.pdf Graphic file (type pdf)
<use ML_Project_Fake_News_Detector.pdf, page 16>
Package pdftex.def Info: ML_Project_Fake_News_Detector.pdf , page16 used on inp
ut line 538.
(pdftex.def)             Requested size: 597.78697pt x 773.60669pt.
File: ML_Project_Fake_News_Detector.pdf Graphic file (type pdf)
<use ML_Project_Fake_News_Detector.pdf, page 16>
Package pdftex.def Info: ML_Project_Fake_News_Detector.pdf , page16 used on inp
ut line 538.
(pdftex.def)             Requested size: 597.78697pt x 773.60669pt.
 [26 <./ML_Project_Fake_News_Detector.pdf>]
<ML_Project_Fake_News_Detector.pdf, id=341, page=17, 614.295pt x 794.97pt>
File: ML_Project_Fake_News_Detector.pdf Graphic file (type pdf)
<use ML_Project_Fake_News_Detector.pdf, page 17>
Package pdftex.def Info: ML_Project_Fake_News_Detector.pdf , page17 used on inp
ut line 538.
(pdftex.def)             Requested size: 597.78697pt x 773.60669pt.
File: ML_Project_Fake_News_Detector.pdf Graphic file (type pdf)
<use ML_Project_Fake_News_Detector.pdf, page 17>
Package pdftex.def Info: ML_Project_Fake_News_Detector.pdf , page17 used on inp
ut line 538.
(pdftex.def)             Requested size: 597.78697pt x 773.60669pt.
File: ML_Project_Fake_News_Detector.pdf Graphic file (type pdf)
<use ML_Project_Fake_News_Detector.pdf, page 17>
Package pdftex.def Info: ML_Project_Fake_News_Detector.pdf , page17 used on inp
ut line 538.
(pdftex.def)             Requested size: 597.78697pt x 773.60669pt.
 [27 <./ML_Project_Fake_News_Detector.pdf>]
<ML_Project_Fake_News_Detector.pdf, id=348, page=18, 614.295pt x 794.97pt>
File: ML_Project_Fake_News_Detector.pdf Graphic file (type pdf)
<use ML_Project_Fake_News_Detector.pdf, page 18>
Package pdftex.def Info: ML_Project_Fake_News_Detector.pdf , page18 used on inp
ut line 538.
(pdftex.def)             Requested size: 597.78697pt x 773.60669pt.
File: ML_Project_Fake_News_Detector.pdf Graphic file (type pdf)
<use ML_Project_Fake_News_Detector.pdf, page 18>
Package pdftex.def Info: ML_Project_Fake_News_Detector.pdf , page18 used on inp
ut line 538.
(pdftex.def)             Requested size: 597.78697pt x 773.60669pt.
File: ML_Project_Fake_News_Detector.pdf Graphic file (type pdf)
<use ML_Project_Fake_News_Detector.pdf, page 18>
Package pdftex.def Info: ML_Project_Fake_News_Detector.pdf , page18 used on inp
ut line 538.
(pdftex.def)             Requested size: 597.78697pt x 773.60669pt.
 [28 <./ML_Project_Fake_News_Detector.pdf>]
<ML_Project_Fake_News_Detector.pdf, id=355, page=19, 614.295pt x 794.97pt>
File: ML_Project_Fake_News_Detector.pdf Graphic file (type pdf)
<use ML_Project_Fake_News_Detector.pdf, page 19>
Package pdftex.def Info: ML_Project_Fake_News_Detector.pdf , page19 used on inp
ut line 538.
(pdftex.def)             Requested size: 597.78697pt x 773.60669pt.
File: ML_Project_Fake_News_Detector.pdf Graphic file (type pdf)
<use ML_Project_Fake_News_Detector.pdf, page 19>
Package pdftex.def Info: ML_Project_Fake_News_Detector.pdf , page19 used on inp
ut line 538.
(pdftex.def)             Requested size: 597.78697pt x 773.60669pt.
File: ML_Project_Fake_News_Detector.pdf Graphic file (type pdf)
<use ML_Project_Fake_News_Detector.pdf, page 19>
Package pdftex.def Info: ML_Project_Fake_News_Detector.pdf , page19 used on inp
ut line 538.
(pdftex.def)             Requested size: 597.78697pt x 773.60669pt.
 [29 <./ML_Project_Fake_News_Detector.pdf>]

Package natbib Warning: There were undefined citations.

Package atveryend Info: Empty hook `BeforeClearDocument' on input line 540.
Package atveryend Info: Empty hook `AfterLastShipout' on input line 540.
(main.aux)
Package atveryend Info: Executing hook `AtVeryEndDocument' on input line 540.
Package atveryend Info: Executing hook `AtEndAfterFileList' on input line 540.


Package rerunfilecheck Warning: File `main.out' has changed.
(rerunfilecheck)                Rerun to get outlines right
(rerunfilecheck)                or use package `bookmark'.

Package rerunfilecheck Info: Checksums for `main.out':
(rerunfilecheck)             Before: <no file>
(rerunfilecheck)             After:  273DD55DADCBFFCE0A483FCC284DFE77;1672.

LaTeX Warning: There were undefined references.


LaTeX Warning: Label(s) may have changed. Rerun to get cross-references right.

Package atveryend Info: Empty hook `AtVeryVeryEnd' on input line 540.
 ) 
Here is how much of TeX's memory you used:
 11471 strings out of 481199
 179444 string characters out of 2915349
 574923 words of memory out of 3000000
 26689 multiletter control sequences out of 15000+200000
 601271 words of font info for 77 fonts, out of 3000000 for 9000
 1141 hyphenation exceptions out of 8191
 43i,18n,46p,928b,591s stack positions out of 5000i,500n,10000p,200000b,50000s
{D:/Program Files/MiKTeX/fonts/enc/dvips/lm/lm-mathsy.enc}{D:/Program Files/M
iKTeX/fonts/enc/dvips/lm/lm-mathit.enc}{D:/Program Files/MiKTeX/fonts/enc/dvips
/lm/lm-mathex.enc}{D:/Program Files/MiKTeX/fonts/enc/dvips/lm/lm-rm.enc}{D:/Pro
gram Files/MiKTeX/fonts/enc/dvips/lm/lm-ts1.enc}<D:/Program Files/MiKTeX/fonts/
type1/public/amsfonts/cm/cmmi6.pfb><D:/Program Files/MiKTeX/fonts/type1/public/
amsfonts/cm/cmsy6.pfb><D:/Program Files/MiKTeX/fonts/type1/public/lm/lmbx10.pfb
><D:/Program Files/MiKTeX/fonts/type1/public/lm/lmbx12.pfb><D:/Program Files/Mi
KTeX/fonts/type1/public/lm/lmbxi10.pfb><D:/Program Files/MiKTeX/fonts/type1/pub
lic/lm/lmex10.pfb><D:/Program Files/MiKTeX/fonts/type1/public/lm/lmmi10.pfb><D:
/Program Files/MiKTeX/fonts/type1/public/lm/lmmi7.pfb><D:/Program Files/MiKTeX/
fonts/type1/public/lm/lmmi8.pfb><D:/Program Files/MiKTeX/fonts/type1/public/lm/
lmr10.pfb><D:/Program Files/MiKTeX/fonts/type1/public/lm/lmr12.pfb><D:/Program 
Files/MiKTeX/fonts/type1/public/lm/lmr7.pfb><D:/Program Files/MiKTeX/fonts/type
1/public/lm/lmr8.pfb><D:/Program Files/MiKTeX/fonts/type1/public/lm/lmri10.pfb>
<D:/Program Files/MiKTeX/fonts/type1/public/lm/lmsy10.pfb><D:/Program Files/MiK
TeX/fonts/type1/public/lm/lmsy7.pfb><D:/Program Files/MiKTeX/fonts/type1/public
/lm/lmsy8.pfb><D:/Program Files/MiKTeX/fonts/type1/public/amsfonts/symbols/msbm
10.pfb>
Output written on main.pdf (29 pages, 1572258 bytes).
PDF statistics:
 444 PDF objects out of 1000 (max. 8388607)
 116 named destinations out of 1000 (max. 500000)
 196 words of extra memory for PDF output out of 10000 (max. 10000000)

